DYTiva\DYTiva.eww
DYTiva\DYTiva.sdf
DYTiva\DYTiva.sln
DYTiva\DYTiva.sln.docstates.suo
DYTiva\DYTiva.suo
DYTiva\DYTiva.uvmpw
DYTiva\DYTiva.uvmpw.uvgui.pxj
DYTiva\DYTiva.uvmpw.uvgui_pxj.bak
DYTiva\M4MP3\.ccsproject
DYTiva\M4MP3\.cproject
DYTiva\M4MP3\AUTOVER.cmd
DYTiva\M4MP3\cc1101\CC1100-CC2500.c
DYTiva\M4MP3\cc1101\CC1100-CC2500.h
DYTiva\M4MP3\cc1101\TI_CC_CC1100-CC2500.h
DYTiva\M4MP3\cc1101\TI_CC_spi.c
DYTiva\M4MP3\cc1101\TI_CC_spi.h
DYTiva\M4MP3\CLEAN.cmd
DYTiva\M4MP3\dac7512.c
DYTiva\M4MP3\dac7512.h
DYTiva\M4MP3\dbg\cc1100-cc2500.crf
DYTiva\M4MP3\dbg\cc1100-cc2500.d
DYTiva\M4MP3\dbg\cc1100-cc2500.o
DYTiva\M4MP3\dbg\cc1100-cc2500.__i
DYTiva\M4MP3\dbg\dac7512.crf
DYTiva\M4MP3\dbg\dac7512.d
DYTiva\M4MP3\dbg\dac7512.o
DYTiva\M4MP3\dbg\ExtDll.iex
DYTiva\M4MP3\dbg\fb58pid.crf
DYTiva\M4MP3\dbg\fb58pid.d
DYTiva\M4MP3\dbg\fb58pid.o
DYTiva\M4MP3\dbg\fb58pid.__i
DYTiva\M4MP3\dbg\ff.crf
DYTiva\M4MP3\dbg\ff.d
DYTiva\M4MP3\dbg\ff.o
DYTiva\M4MP3\dbg\gt20l16s1y.crf
DYTiva\M4MP3\dbg\gt20l16s1y.d
DYTiva\M4MP3\dbg\gt20l16s1y.o
DYTiva\M4MP3\dbg\M4MP3.axf
DYTiva\M4MP3\dbg\M4MP3.htm
DYTiva\M4MP3\dbg\M4MP3.lnp
DYTiva\M4MP3\dbg\M4MP3.plg
DYTiva\M4MP3\dbg\M4MP3.sct
DYTiva\M4MP3\dbg\M4MP3.tra
DYTiva\M4MP3\dbg\m4_adc.crf
DYTiva\M4MP3\dbg\m4_adc.d
DYTiva\M4MP3\dbg\m4_adc.o
DYTiva\M4MP3\dbg\m4_app_demo.crf
DYTiva\M4MP3\dbg\m4_app_demo.d
DYTiva\M4MP3\dbg\m4_app_demo.o
DYTiva\M4MP3\dbg\m4_app_demo.__i
DYTiva\M4MP3\dbg\m4_app_player.crf
DYTiva\M4MP3\dbg\m4_app_player.d
DYTiva\M4MP3\dbg\m4_app_player.o
DYTiva\M4MP3\dbg\m4_cc1101.crf
DYTiva\M4MP3\dbg\m4_cc1101.d
DYTiva\M4MP3\dbg\m4_cc1101.o
DYTiva\M4MP3\dbg\m4_codec.crf
DYTiva\M4MP3\dbg\m4_codec.d
DYTiva\M4MP3\dbg\m4_codec.o
DYTiva\M4MP3\dbg\m4_dac.crf
DYTiva\M4MP3\dbg\m4_dac.d
DYTiva\M4MP3\dbg\m4_dac.o
DYTiva\M4MP3\dbg\m4_gpio.crf
DYTiva\M4MP3\dbg\m4_gpio.d
DYTiva\M4MP3\dbg\m4_gpio.o
DYTiva\M4MP3\dbg\m4_lcd.crf
DYTiva\M4MP3\dbg\m4_lcd.d
DYTiva\M4MP3\dbg\m4_lcd.o
DYTiva\M4MP3\dbg\m4_main.crf
DYTiva\M4MP3\dbg\m4_main.d
DYTiva\M4MP3\dbg\m4_main.o
DYTiva\M4MP3\dbg\m4_pinmux.crf
DYTiva\M4MP3\dbg\m4_pinmux.d
DYTiva\M4MP3\dbg\m4_pinmux.o
DYTiva\M4MP3\dbg\m4_pwm.crf
DYTiva\M4MP3\dbg\m4_pwm.d
DYTiva\M4MP3\dbg\m4_pwm.o
DYTiva\M4MP3\dbg\m4_temp.crf
DYTiva\M4MP3\dbg\m4_temp.d
DYTiva\M4MP3\dbg\m4_temp.o
DYTiva\M4MP3\dbg\m4_time.crf
DYTiva\M4MP3\dbg\m4_time.d
DYTiva\M4MP3\dbg\m4_time.o
DYTiva\M4MP3\dbg\m4_uart.crf
DYTiva\M4MP3\dbg\m4_uart.d
DYTiva\M4MP3\dbg\m4_uart.o
DYTiva\M4MP3\dbg\m4_usbmsc.crf
DYTiva\M4MP3\dbg\m4_usbmsc.d
DYTiva\M4MP3\dbg\m4_usbmsc.o
DYTiva\M4MP3\dbg\pid_timer.crf
DYTiva\M4MP3\dbg\pid_timer.d
DYTiva\M4MP3\dbg\pid_timer.o
DYTiva\M4MP3\dbg\sdc.crf
DYTiva\M4MP3\dbg\sdc.d
DYTiva\M4MP3\dbg\sdc.o
DYTiva\M4MP3\dbg\sound.crf
DYTiva\M4MP3\dbg\sound.d
DYTiva\M4MP3\dbg\sound.o
DYTiva\M4MP3\dbg\startup_rvmdk.d
DYTiva\M4MP3\dbg\startup_rvmdk.o
DYTiva\M4MP3\dbg\ti_cc_spi.crf
DYTiva\M4MP3\dbg\ti_cc_spi.d
DYTiva\M4MP3\dbg\ti_cc_spi.o
DYTiva\M4MP3\dbg\ti_cc_spi.__i
DYTiva\M4MP3\dbg\tlv320aic23b.crf
DYTiva\M4MP3\dbg\tlv320aic23b.d
DYTiva\M4MP3\dbg\tlv320aic23b.o
DYTiva\M4MP3\dbg\tmp100.crf
DYTiva\M4MP3\dbg\tmp100.d
DYTiva\M4MP3\dbg\tmp100.o
DYTiva\M4MP3\dbg\uc1701.crf
DYTiva\M4MP3\dbg\uc1701.d
DYTiva\M4MP3\dbg\uc1701.o
DYTiva\M4MP3\dbg\usbdsdcard.crf
DYTiva\M4MP3\dbg\usbdsdcard.d
DYTiva\M4MP3\dbg\usbdsdcard.o
DYTiva\M4MP3\dbg\usbdsdcard.__i
DYTiva\M4MP3\dbg\usb_msc_structs.crf
DYTiva\M4MP3\dbg\usb_msc_structs.d
DYTiva\M4MP3\dbg\usb_msc_structs.o
DYTiva\M4MP3\dbg\usb_msc_structs.__i
DYTiva\M4MP3\dbg\ustdlib.crf
DYTiva\M4MP3\dbg\ustdlib.d
DYTiva\M4MP3\dbg\ustdlib.o
DYTiva\M4MP3\dbg\ustdlib.__i
DYTiva\M4MP3\FatFs\00readme.txt
DYTiva\M4MP3\FatFs\diskio.h
DYTiva\M4MP3\FatFs\ff.c
DYTiva\M4MP3\FatFs\ff.h
DYTiva\M4MP3\FatFs\ffconf.h
DYTiva\M4MP3\FatFs\integer.h
DYTiva\M4MP3\FatFs\option\cc932.c
DYTiva\M4MP3\FatFs\option\cc936.c
DYTiva\M4MP3\FatFs\option\cc949.c
DYTiva\M4MP3\FatFs\option\cc950.c
DYTiva\M4MP3\FatFs\option\ccsbcs.c
DYTiva\M4MP3\FatFs\option\syscall.c
DYTiva\M4MP3\FatFs\option\unicode.c
DYTiva\M4MP3\fb58pid.c
DYTiva\M4MP3\fb58pid.h
DYTiva\M4MP3\FreeRTOSConfig.h
DYTiva\M4MP3\gt20l16s1y.c
DYTiva\M4MP3\gt20l16s1y.h
DYTiva\M4MP3\hw_gt20l16s1y.h
DYTiva\M4MP3\hw_tlv320aic23b.h
DYTiva\M4MP3\hw_tmp100.h
DYTiva\M4MP3\hw_uc1701.h
DYTiva\M4MP3\m2tklib\m2.c
DYTiva\M4MP3\m2tklib\m2.h
DYTiva\M4MP3\m2tklib\m2align.c
DYTiva\M4MP3\m2tklib\m2dfs.c
DYTiva\M4MP3\m2tklib\m2draw.c
DYTiva\M4MP3\m2tklib\m2eh2bs.c
DYTiva\M4MP3\m2tklib\m2elalign.c
DYTiva\M4MP3\m2tklib\m2elfnfmt.c
DYTiva\M4MP3\m2tklib\m2ellabel.c
DYTiva\M4MP3\m2tklib\m2ellistbase.c
DYTiva\M4MP3\m2tklib\m2ellistcalc.c
DYTiva\M4MP3\m2tklib\m2ellisth.c
DYTiva\M4MP3\m2tklib\m2ellistv.c
DYTiva\M4MP3\m2tklib\m2elroot.c
DYTiva\M4MP3\m2tklib\m2elsb.c
DYTiva\M4MP3\m2tklib\m2elslbase.c
DYTiva\M4MP3\m2tklib\m2elstr.c
DYTiva\M4MP3\m2tklib\m2elsubutl.c
DYTiva\M4MP3\m2tklib\m2elu32.c
DYTiva\M4MP3\m2tklib\m2elxbm.c
DYTiva\M4MP3\m2tklib\m2esarmu8g.c
DYTiva\M4MP3\m2tklib\m2fnarg.c
DYTiva\M4MP3\m2tklib\m2gfx.c
DYTiva\M4MP3\m2tklib\m2gfxutl.c
DYTiva\M4MP3\m2tklib\m2ghdummy.c
DYTiva\M4MP3\m2tklib\m2ghu8g.h
DYTiva\M4MP3\m2tklib\m2ghu8gbfs.c
DYTiva\M4MP3\m2tklib\m2ghu8gicon.c
DYTiva\M4MP3\m2tklib\m2ghu8gutl.c
DYTiva\M4MP3\m2tklib\m2key.c
DYTiva\M4MP3\m2tklib\m2navdatadn.c
DYTiva\M4MP3\m2tklib\m2navdataup.c
DYTiva\M4MP3\m2tklib\m2navfirst.c
DYTiva\M4MP3\m2tklib\m2navinit.c
DYTiva\M4MP3\m2tklib\m2navnext.c
DYTiva\M4MP3\m2tklib\m2navroot.c
DYTiva\M4MP3\m2tklib\m2navupdn.c
DYTiva\M4MP3\m2tklib\m2navutl.c
DYTiva\M4MP3\m2tklib\m2null.c
DYTiva\M4MP3\m2tklib\m2obj.c
DYTiva\M4MP3\m2tklib\m2opt.c
DYTiva\M4MP3\m2tklib\m2pin.c
DYTiva\M4MP3\m2tklib\m2rom.c
DYTiva\M4MP3\m2tklib\m2usrnext.c
DYTiva\M4MP3\m2tklib\m2usrupdn.c
DYTiva\M4MP3\M4MP3.ewd
DYTiva\M4MP3\M4MP3.ewp
DYTiva\M4MP3\M4MP3.icf
DYTiva\M4MP3\M4MP3.map
DYTiva\M4MP3\M4MP3.sct
DYTiva\M4MP3\M4MP3.uvgui.pxj
DYTiva\M4MP3\M4MP3.uvgui.xavier
DYTiva\M4MP3\M4MP3.uvgui_pxj.bak
DYTiva\M4MP3\M4MP3.uvgui_xavier.bak
DYTiva\M4MP3\M4MP3.uvopt
DYTiva\M4MP3\M4MP3.uvproj
DYTiva\M4MP3\M4MP3.vcproj
DYTiva\M4MP3\M4MP3.vcxproj
DYTiva\M4MP3\M4MP3.vcxproj.filters
DYTiva\M4MP3\M4MP3.vcxproj.user
DYTiva\M4MP3\M4MP3_M4MP3.dep
DYTiva\M4MP3\M4MP3_uvopt.bak
DYTiva\M4MP3\M4MP3_uvproj.bak
DYTiva\M4MP3\m4_adc.c
DYTiva\M4MP3\m4_app_demo.c
DYTiva\M4MP3\m4_app_gui.cpp
DYTiva\M4MP3\m4_app_player.c
DYTiva\M4MP3\m4_app_res.h
DYTiva\M4MP3\m4_cc1101.c
DYTiva\M4MP3\m4_codec.c
DYTiva\M4MP3\m4_common.h
DYTiva\M4MP3\m4_config.h
DYTiva\M4MP3\m4_dac.c
DYTiva\M4MP3\m4_freertos.c
DYTiva\M4MP3\m4_gpio.c
DYTiva\M4MP3\m4_i2c.c
DYTiva\M4MP3\m4_lcd.c
DYTiva\M4MP3\m4_main.c
DYTiva\M4MP3\m4_pinmux.c
DYTiva\M4MP3\m4_pinmux.h
DYTiva\M4MP3\m4_pwm.c
DYTiva\M4MP3\m4_rtx.c
DYTiva\M4MP3\m4_temp.c
DYTiva\M4MP3\m4_time.c
DYTiva\M4MP3\m4_uart.c
DYTiva\M4MP3\m4_usbmsc.c
DYTiva\M4MP3\m4_ver.h
DYTiva\M4MP3\pid_timer.c
DYTiva\M4MP3\res\ico_adc.bmp
DYTiva\M4MP3\res\ico_audio.bmp
DYTiva\M4MP3\res\ico_buzzer.bmp
DYTiva\M4MP3\res\ico_temp.bmp
DYTiva\M4MP3\res\ico_ti.bmp
DYTiva\M4MP3\res\ico_uart.bmp
DYTiva\M4MP3\RTX_Config.c
DYTiva\M4MP3\sdc.c
DYTiva\M4MP3\sound.c
DYTiva\M4MP3\sound.h
DYTiva\M4MP3\startup_ewarm.c
DYTiva\M4MP3\startup_rvmdk.S
DYTiva\M4MP3\targetConfigs\Tiva TM4C123GH6PM.ccxml
DYTiva\M4MP3\tlv320aic23b.c
DYTiva\M4MP3\tlv320aic23b.h
DYTiva\M4MP3\tm4c123gh6pm.cmd
DYTiva\M4MP3\tm4c123gh6pm_startup_ccs.c
DYTiva\M4MP3\tmp100.c
DYTiva\M4MP3\tmp100.h
DYTiva\M4MP3\u8glib\u8g.h
DYTiva\M4MP3\u8glib\u8g_arm.c
DYTiva\M4MP3\u8glib\u8g_arm.h
DYTiva\M4MP3\u8glib\u8g_bitmap.c
DYTiva\M4MP3\u8glib\u8g_circle.c
DYTiva\M4MP3\u8glib\u8g_clip.c
DYTiva\M4MP3\u8glib\u8g_com_api.c
DYTiva\M4MP3\u8glib\u8g_com_null.c
DYTiva\M4MP3\u8glib\u8g_dev_uc1701_mini12864.c
DYTiva\M4MP3\u8glib\u8g_font.c
DYTiva\M4MP3\u8glib\u8g_font_data.c
DYTiva\M4MP3\u8glib\u8g_ll_api.c
DYTiva\M4MP3\u8glib\u8g_page.c
DYTiva\M4MP3\u8glib\u8g_pb.c
DYTiva\M4MP3\u8glib\u8g_pb16v1.c
DYTiva\M4MP3\u8glib\u8g_pb8v1.c
DYTiva\M4MP3\u8glib\u8g_rect.c
DYTiva\M4MP3\u8glib\u8g_state.c
DYTiva\M4MP3\uc1701.c
DYTiva\M4MP3\uc1701.h
DYTiva\M4MP3\usbdsdcard.c
DYTiva\M4MP3\usbdsdcard.h
DYTiva\M4MP3\usb_msc_structs.c
DYTiva\M4MP3\usb_msc_structs.h
DYTiva\M4MP3\FatFs\option
DYTiva\M4MP3\cc1101
DYTiva\M4MP3\dbg
DYTiva\M4MP3\FatFs
DYTiva\M4MP3\m2tklib
DYTiva\M4MP3\res
DYTiva\M4MP3\targetConfigs
DYTiva\M4MP3\u8glib
DYTiva\dbg
DYTiva\M4MP3
DYTiva
