M4MP3\targetConfigs\readme.txt
多功能波形发生器.doc
M4MP3\FatFs\00readme.txt
M4MP3\M4MP3.htm
M4MP3\Debug\M4MP3_linkInfo.xml
M4MP3\settings\M4MP3.cspy.bat
M4MP3\AUTOVER.cmd
M4MP3\CLEAN.cmd
M4MP3\tm4c123gh6pm.cmd
M4MP3\dac7512.h
M4MP3\FatFs\diskio.h
M4MP3\FatFs\ff.h
M4MP3\FatFs\ffconf.h
M4MP3\FreeRTOSConfig.h
M4MP3\gt20l16s1y.h
M4MP3\hw_gt20l16s1y.h
M4MP3\hw_tmp100.h
M4MP3\hw_uc1701.h
M4MP3\FatFs\integer.h
M4MP3\m2tklib\m2.h
M4MP3\m2tklib\m2ghu8g.h
M4MP3\m4_app_res.h
M4MP3\m4_common.h
M4MP3\m4_config.h
M4MP3\m4_pinmux.h
M4MP3\m4_ver.h
M4MP3\tlv320aic23b.h
M4MP3\tmp100.h
M4MP3\u8glib\u8g.h
M4MP3\u8glib\u8g_arm.h
M4MP3\uc1701.h
M4MP3\res\16\adc.c
M4MP3\res\16\audio.c
M4MP3\res\16\buzzer.c
M4MP3\FatFs\option\cc932.c
M4MP3\FatFs\option\cc936.c
M4MP3\FatFs\option\cc949.c
M4MP3\FatFs\option\cc950.c
M4MP3\FatFs\option\ccsbcs.c
M4MP3\dac7512.c
M4MP3\FatFs\ff.c
M4MP3\gt20l16s1y.c
M4MP3\m2tklib\m2.c
M4MP3\m2tklib\m2align.c
M4MP3\m2tklib\m2dfs.c
M4MP3\m2tklib\m2draw.c
M4MP3\m2tklib\m2eh2bs.c
M4MP3\m2tklib\m2elalign.c
M4MP3\m2tklib\m2elfnfmt.c
M4MP3\m2tklib\m2ellabel.c
M4MP3\m2tklib\m2ellistbase.c
M4MP3\m2tklib\m2ellistcalc.c
M4MP3\m2tklib\m2ellisth.c
M4MP3\m2tklib\m2ellistv.c
M4MP3\m2tklib\m2elroot.c
M4MP3\m2tklib\m2elsb.c
M4MP3\m2tklib\m2elslbase.c
M4MP3\m2tklib\m2elstr.c
M4MP3\m2tklib\m2elsubutl.c
M4MP3\m2tklib\m2elu32.c
M4MP3\m2tklib\m2elxbm.c
M4MP3\m2tklib\m2esarmu8g.c
M4MP3\m2tklib\m2fnarg.c
M4MP3\m2tklib\m2gfx.c
M4MP3\m2tklib\m2gfxutl.c
M4MP3\m2tklib\m2ghdummy.c
M4MP3\m2tklib\m2ghu8gbfs.c
M4MP3\m2tklib\m2ghu8gicon.c
M4MP3\m2tklib\m2ghu8gutl.c
M4MP3\m2tklib\m2key.c
M4MP3\m2tklib\m2navdatadn.c
M4MP3\m2tklib\m2navdataup.c
M4MP3\m2tklib\m2navfirst.c
M4MP3\m2tklib\m2navinit.c
M4MP3\m2tklib\m2navnext.c
M4MP3\m2tklib\m2navroot.c
M4MP3\m2tklib\m2navupdn.c
M4MP3\m2tklib\m2navutl.c
M4MP3\m2tklib\m2null.c
M4MP3\m2tklib\m2obj.c
M4MP3\m2tklib\m2opt.c
M4MP3\m2tklib\m2pin.c
M4MP3\m2tklib\m2rom.c
M4MP3\m2tklib\m2usrnext.c
M4MP3\m2tklib\m2usrupdn.c
M4MP3\m4_adc.c
M4MP3\m4_app_cli.c
M4MP3\m4_codec.c
M4MP3\m4_dac.c
M4MP3\m4_freertos.c
M4MP3\m4_gpio.c
M4MP3\m4_i2c.c
M4MP3\m4_lcd.c
M4MP3\m4_main.c
M4MP3\m4_pinmux.c
M4MP3\m4_player.c
M4MP3\m4_pwm.c
M4MP3\m4_rtx.c
M4MP3\m4_temp.c
M4MP3\m4_tirtos.c
M4MP3\m4_uart.c
M4MP3\RTX_Config.c
M4MP3\sdc.c
M4MP3\startup_ewarm.c
M4MP3\FatFs\option\syscall.c
M4MP3\res\16\temp.c
M4MP3\res\16\ti.c
M4MP3\tlv320aic23b.c
M4MP3\tm4c123gh6pm_startup_ccs.c
M4MP3\tmp100.c
M4MP3\u8glib\u8g_arm.c
M4MP3\u8glib\u8g_bitmap.c
M4MP3\u8glib\u8g_circle.c
M4MP3\u8glib\u8g_clip.c
M4MP3\u8glib\u8g_com_api.c
M4MP3\u8glib\u8g_com_null.c
M4MP3\u8glib\u8g_dev_uc1701_mini12864.c
M4MP3\u8glib\u8g_font.c
M4MP3\u8glib\u8g_font_data.c
M4MP3\u8glib\u8g_ll_api.c
M4MP3\u8glib\u8g_page.c
M4MP3\u8glib\u8g_pb.c
M4MP3\u8glib\u8g_pb16v1.c
M4MP3\u8glib\u8g_pb8v1.c
M4MP3\u8glib\u8g_rect.c
M4MP3\u8glib\u8g_state.c
M4MP3\res\16\uart.c
M4MP3\uc1701.c
M4MP3\FatFs\option\unicode.c
M4MP3\m4_app_gui.cpp
M4MP3\M4MP3.uvgui_Administrator.bak
M4MP3\M4MP3_uvopt.bak
M4MP3\M4MP3_uvproj.bak
M4MP3\res\16\BMPtoXBM.exe
M4MP3\Debug\dac7512.obj
M4MP3\Debug\FatFs\ff.obj
M4MP3\Debug\gt20l16s1y.obj
M4MP3\Debug\heap_2.obj
M4MP3\Debug\list.obj
M4MP3\Debug\m4_adc.obj
M4MP3\Debug\m4_app_cli.obj
M4MP3\Debug\m4_app_gui.obj
M4MP3\Debug\m4_codec.obj
M4MP3\Debug\m4_dac.obj
M4MP3\Debug\m4_freertos.obj
M4MP3\Debug\m4_gpio.obj
M4MP3\Debug\m4_i2c.obj
M4MP3\Debug\m4_lcd.obj
M4MP3\Debug\m4_main.obj
M4MP3\Debug\m4_pinmux.obj
M4MP3\Debug\m4_player.obj
M4MP3\Debug\m4_pwm.obj
M4MP3\Debug\m4_temp.obj
M4MP3\Debug\m4_tirtos.obj
M4MP3\Debug\m4_uart.obj
M4MP3\Debug\port.obj
M4MP3\Debug\portasm.obj
M4MP3\Debug\queue.obj
M4MP3\Debug\sdc.obj
M4MP3\Debug\tasks.obj
M4MP3\Debug\tlv320aic23b.obj
M4MP3\Debug\tm4c123gh6pm_startup_ccs.obj
M4MP3\Debug\tmp100.obj
M4MP3\Debug\uc1701.obj
M4MP3.bin
M4MP3\M4MP3.bin
M4MP3\res\ico_adc.bmp
M4MP3\res\16\ico_adc.bmp
M4MP3\res\ico_audio.bmp
M4MP3\res\16\ico_audio.bmp
M4MP3\res\ico_buzzer.bmp
M4MP3\res\16\ico_buzzer.bmp
M4MP3\res\ico_temp.bmp
M4MP3\res\16\ico_temp.bmp
M4MP3\res\ico_ti.bmp
M4MP3\res\16\ico_ti.bmp
M4MP3\res\ico_uart.bmp
M4MP3\res\16\ico_uart.bmp
M4MP3\Debug\makefile
M4MP3\M4MP3.uvgui.Administrator
M4MP3\M4MP3.axf
M4MP3\Debug\Obj\M4MP3.pbd.browse
M4MP3\.ccsproject
M4MP3\targetConfigs\Tiva TM4C123GH6PM.ccxml
M4MP3\Debug\Obj\dac7512.pbi.cout
M4MP3\Debug\Obj\ff.pbi.cout
M4MP3\Debug\Obj\gt20l16s1y.pbi.cout
M4MP3\Debug\Obj\lm75a.pbi.cout
M4MP3\Debug\Obj\m4_adc.pbi.cout
M4MP3\Debug\Obj\m4_app.pbi.cout
M4MP3\Debug\Obj\m4_codec.pbi.cout
M4MP3\Debug\Obj\m4_dac.pbi.cout
M4MP3\Debug\Obj\m4_gpio.pbi.cout
M4MP3\Debug\Obj\m4_i2c.pbi.cout
M4MP3\Debug\Obj\m4_lcd.pbi.cout
M4MP3\Debug\Obj\m4_main.pbi.cout
M4MP3\Debug\Obj\m4_pinmux.pbi.cout
M4MP3\Debug\Obj\m4_spwm.pbi.cout
M4MP3\Debug\Obj\m4_ssi.pbi.cout
M4MP3\Debug\Obj\m4_temp.pbi.cout
M4MP3\Debug\Obj\m4_uart.pbi.cout
M4MP3\Debug\Obj\sdc.pbi.cout
M4MP3\Debug\Obj\startup_ewarm.pbi.cout
M4MP3\Debug\Obj\tlv320aic23b.pbi.cout
M4MP3\Debug\Obj\tmp100.pbi.cout
M4MP3\Debug\Obj\uc1701.pbi.cout
M4MP3\.cproject
M4MP3\dac7512.crf
M4MP3\ff.crf
M4MP3\gt20l16s1y.crf
M4MP3\heap_2.crf
M4MP3\list.crf
M4MP3\m4_adc.crf
M4MP3\m4_app_cli.crf
M4MP3\m4_app_gui.crf
M4MP3\m4_codec.crf
M4MP3\m4_dac.crf
M4MP3\m4_freertos.crf
M4MP3\m4_gpio.crf
M4MP3\m4_lcd.crf
M4MP3\m4_main.crf
M4MP3\m4_pinmux.crf
M4MP3\m4_pwm.crf
M4MP3\m4_rtx.crf
M4MP3\m4_temp.crf
M4MP3\m4_uart.crf
M4MP3\port.crf
M4MP3\queue.crf
M4MP3\rtx_config.crf
M4MP3\sdc.crf
M4MP3\tasks.crf
M4MP3\tlv320aic23b.crf
M4MP3\tmp100.crf
M4MP3\uc1701.crf
M4MP3\dac7512.d
M4MP3\ff.d
M4MP3\gt20l16s1y.d
M4MP3\heap_2.d
M4MP3\list.d
M4MP3\m4_adc.d
M4MP3\m4_app_cli.d
M4MP3\m4_app_gui.d
M4MP3\m4_codec.d
M4MP3\m4_dac.d
M4MP3\m4_freertos.d
M4MP3\m4_gpio.d
M4MP3\m4_lcd.d
M4MP3\m4_main.d
M4MP3\m4_pinmux.d
M4MP3\m4_pwm.d
M4MP3\m4_rtx.d
M4MP3\m4_temp.d
M4MP3\m4_uart.d
M4MP3\port.d
M4MP3\queue.d
M4MP3\rtx_config.d
M4MP3\sdc.d
M4MP3\startup_rvmdk.d
M4MP3\tasks.d
M4MP3\tlv320aic23b.d
M4MP3\tmp100.d
M4MP3\uc1701.d
M4MP3\settings\M4MP3.dbgdt
M4MP3\M4MP3_M4MP3.dep
M4MP3\settings\M4MP3.dni
波形生成器的使用说明书.docx
M4MP3\Backup (2) of M4MP3.ewd
M4MP3\Backup of M4MP3.ewd
M4MP3\M4MP3.ewd
M4MP3\Backup (2) of M4MP3.ewp
M4MP3\Backup of M4MP3.ewp
M4MP3\M4MP3.ewp
M4MP3\M4MP3.icf
M4MP3\ExtDll.iex
M4MP3\.launches\M4MP3.launch
M4MP3\M4MP3.lnp
M4MP3\Debug\M4MP3.map
M4MP3\M4MP3.map
M4MP3\Debug\objects.mk
M4MP3\Debug\sources.mk
M4MP3\Debug\FatFs\subdir_rules.mk
M4MP3\Debug\res\16\subdir_rules.mk
M4MP3\Debug\FatFs\option\subdir_rules.mk
M4MP3\Debug\u8glib\subdir_rules.mk
M4MP3\Debug\m2tklib\subdir_rules.mk
M4MP3\Debug\subdir_rules.mk
M4MP3\Debug\FatFs\subdir_vars.mk
M4MP3\Debug\res\16\subdir_vars.mk
M4MP3\Debug\FatFs\option\subdir_vars.mk
M4MP3\Debug\u8glib\subdir_vars.mk
M4MP3\Debug\subdir_vars.mk
M4MP3\Debug\m2tklib\subdir_vars.mk
M4MP3\dac7512.o
M4MP3\ff.o
M4MP3\gt20l16s1y.o
M4MP3\list.o
M4MP3\m4_adc.o
M4MP3\m4_app_cli.o
M4MP3\m4_app_gui.o
M4MP3\m4_codec.o
M4MP3\m4_dac.o
M4MP3\m4_freertos.o
M4MP3\m4_gpio.o
M4MP3\m4_lcd.o
M4MP3\m4_main.o
M4MP3\m4_pinmux.o
M4MP3\m4_pwm.o
M4MP3\m4_rtx.o
M4MP3\m4_temp.o
M4MP3\m4_uart.o
M4MP3\port.o
M4MP3\queue.o
M4MP3\rtx_config.o
M4MP3\sdc.o
M4MP3\startup_rvmdk.o
M4MP3\tasks.o
M4MP3\tlv320aic23b.o
M4MP3\tmp100.o
M4MP3\uc1701.o
M4MP3\Debug\ccsObjs.opt
M4MP3\Debug\Obj\M4MP3.pbd
M4MP3\Debug\Obj\dac7512.pbi
M4MP3\Debug\Obj\ff.pbi
M4MP3\Debug\Obj\gt20l16s1y.pbi
M4MP3\Debug\Obj\lm75a.pbi
M4MP3\Debug\Obj\m4_adc.pbi
M4MP3\Debug\Obj\m4_app.pbi
M4MP3\Debug\Obj\m4_codec.pbi
M4MP3\Debug\Obj\m4_dac.pbi
M4MP3\Debug\Obj\m4_gpio.pbi
M4MP3\Debug\Obj\m4_i2c.pbi
M4MP3\Debug\Obj\m4_lcd.pbi
M4MP3\Debug\Obj\m4_main.pbi
M4MP3\Debug\Obj\m4_pinmux.pbi
M4MP3\Debug\Obj\m4_spwm.pbi
M4MP3\Debug\Obj\m4_ssi.pbi
M4MP3\Debug\Obj\m4_temp.pbi
M4MP3\Debug\Obj\m4_uart.pbi
M4MP3\Debug\Obj\sdc.pbi
M4MP3\Debug\Obj\startup_ewarm.pbi
M4MP3\Debug\Obj\tlv320aic23b.pbi
M4MP3\Debug\Obj\tmp100.pbi
M4MP3\Debug\Obj\uc1701.pbi
多功能波形发生器.pdf
M4MP3\M4MP3.plg
M4MP3\Debug\dac7512.pp
M4MP3\Debug\FatFs\ff.pp
M4MP3\Debug\gt20l16s1y.pp
M4MP3\Debug\heap_2.pp
M4MP3\Debug\list.pp
M4MP3\Debug\m4_adc.pp
M4MP3\Debug\m4_app_cli.pp
M4MP3\Debug\m4_app_gui.pp
M4MP3\Debug\m4_codec.pp
M4MP3\Debug\m4_dac.pp
M4MP3\Debug\m4_freertos.pp
M4MP3\Debug\m4_gpio.pp
M4MP3\Debug\m4_i2c.pp
M4MP3\Debug\m4_lcd.pp
M4MP3\Debug\m4_main.pp
M4MP3\Debug\m4_pinmux.pp
M4MP3\Debug\m4_player.pp
M4MP3\Debug\m4_pwm.pp
M4MP3\Debug\m4_temp.pp
M4MP3\Debug\m4_tirtos.pp
M4MP3\Debug\m4_uart.pp
M4MP3\Debug\port.pp
M4MP3\Debug\queue.pp
M4MP3\Debug\sdc.pp
M4MP3\Debug\tasks.pp
M4MP3\Debug\tlv320aic23b.pp
M4MP3\Debug\tm4c123gh6pm_startup_ccs.pp
M4MP3\Debug\tmp100.pp
M4MP3\Debug\uc1701.pp
嵌入式课程设计.pptx
M4MP3\.settings\org.eclipse.cdt.codan.core.prefs
M4MP3\.settings\org.eclipse.cdt.debug.core.prefs
M4MP3\.settings\org.eclipse.core.resources.prefs
M4MP3\.project
M4MP3\startup_rvmdk.S
M4MP3\M4MP3.sct
M4MP3\M4MP3.tra
M4MP3\M4MP3.vcproj.B.Administrator.user
M4MP3\M4MP3.uvopt
M4MP3\M4MP3.uvproj
M4MP3\M4MP3.vcproj
M4MP3\res\ico_adc.xbm
M4MP3\Debug\res\16
M4MP3\Debug\FatFs\option
M4MP3\res\16
M4MP3\Debug\Exe
M4MP3\Debug\FatFs
M4MP3\Debug\List
M4MP3\Debug\m2tklib
M4MP3\Debug\Obj
M4MP3\FatFs\option
M4MP3\Debug\res
M4MP3\Debug\u8glib
M4MP3\Debug
M4MP3\FatFs
M4MP3\m2tklib
M4MP3\res
M4MP3\settings
M4MP3\targetConfigs
M4MP3\u8glib
M4MP3\.launches
M4MP3\.settings
M4MP3
